<?xml version="1.0" encoding="UTF-8"?>
<!-- Generated by org.testng.reporters.JUnitReportReporter -->
<testsuite hostname="DESKTOP-T1IP2Q6" failures="0" tests="1" name="TestCases.CheckoutPageTest" time="66.424" errors="0" timestamp="2025-10-18T23:35:46 IST" skipped="0">
  <testcase classname="TestCases.CheckoutPageTest" name="TillPlaceOrder" time="66.424"/>
</testsuite> <!-- TestCases.CheckoutPageTest -->
