<?xml version="1.0" encoding="UTF-8"?>
<!-- Generated by org.testng.reporters.JUnitReportReporter -->
<testsuite hostname="DESKTOP-T1IP2Q6" failures="0" tests="2" name="TestCases.IndexPageTest" time="61.853" errors="0" timestamp="2025-10-18T15:12:49 IST" skipped="0">
  <testcase classname="TestCases.IndexPageTest" name="myStoreLogo" time="45.866"/>
  <testcase classname="TestCases.IndexPageTest" name="verifyTitle" time="15.987"/>
</testsuite> <!-- TestCases.IndexPageTest -->
