<?xml version="1.0" encoding="UTF-8"?>
<!-- Generated by org.testng.reporters.JUnitReportReporter -->
<testsuite hostname="DESKTOP-T1IP2Q6" failures="0" tests="1" name="TestCases.LoginPageTest" time="34.497" errors="0" timestamp="2025-10-18T16:52:21 IST" skipped="0">
  <testcase classname="TestCases.LoginPageTest" name="createAccountTest" time="34.497"/>
</testsuite> <!-- TestCases.LoginPageTest -->
