<?xml version="1.0" encoding="UTF-8"?>
<!-- Generated by org.testng.reporters.JUnitReportReporter -->
<testsuite hostname="DESKTOP-T1IP2Q6" failures="0" tests="1" name="TestCases.ProductPageTest" time="47.086" errors="0" timestamp="2025-10-18T23:37:59 IST" skipped="0">
  <testcase classname="TestCases.ProductPageTest" name="validateProduct" time="47.086"/>
</testsuite> <!-- TestCases.ProductPageTest -->
