<?xml version="1.0" encoding="UTF-8"?>
<!-- Generated by org.testng.reporters.JUnitReportReporter -->
<testsuite hostname="DESKTOP-T1IP2Q6" failures="0" tests="1" name="TestCases.OrderPlacedTest" time="173.039" errors="0" timestamp="2025-10-18T23:33:50 IST" skipped="0">
  <testcase classname="TestCases.OrderPlacedTest" name="CompleteE2EFlowPreLogin" time="173.039"/>
</testsuite> <!-- TestCases.OrderPlacedTest -->
