<?xml version="1.0" encoding="UTF-8"?>
<!-- Generated by org.testng.reporters.JUnitReportReporter -->
<testsuite hostname="DESKTOP-T1IP2Q6" failures="0" tests="1" name="TestCases.ViewCartPageTest" time="74.316" errors="0" timestamp="2025-10-18T22:32:06 IST" skipped="0">
  <testcase classname="TestCases.ViewCartPageTest" name="validateCartPage" time="74.316"/>
</testsuite> <!-- TestCases.ViewCartPageTest -->
