<?xml version="1.0" encoding="UTF-8"?>
<!-- Generated by org.testng.reporters.JUnitReportReporter -->
<testsuite hostname="DESKTOP-T1IP2Q6" failures="0" tests="2" name="TestCases.OrderPlacedTest" time="199.879" errors="0" timestamp="2025-10-19T15:33:05 IST" skipped="0">
  <testcase classname="TestCases.OrderPlacedTest" name="CompleteE2EFlowPreLogin" time="93.409"/>
  <testcase classname="TestCases.OrderPlacedTest" name="CompleteE2EFlowPostLogin" time="106.470"/>
</testsuite> <!-- TestCases.OrderPlacedTest -->
