<?xml version="1.0" encoding="UTF-8"?>
<!-- Generated by org.testng.reporters.JUnitReportReporter -->
<testsuite hostname="DESKTOP-T1IP2Q6" failures="0" tests="1" name="TestCases.AccountCreationPageTest" time="47.471" errors="0" timestamp="2025-10-19T15:33:05 IST" skipped="0">
  <testcase classname="TestCases.AccountCreationPageTest" name="enterAccountcreationDetails" time="47.471"/>
</testsuite> <!-- TestCases.AccountCreationPageTest -->
