<?xml version="1.0" encoding="UTF-8"?>
<!-- Generated by org.testng.reporters.JUnitReportReporter -->
<testsuite hostname="DESKTOP-T1IP2Q6" failures="0" tests="2" name="TestCases.IndexPageTest" time="59.451" errors="0" timestamp="2025-10-19T15:33:05 IST" skipped="0">
  <testcase classname="TestCases.IndexPageTest" name="myStoreLogo" time="30.534"/>
  <testcase classname="TestCases.IndexPageTest" name="verifyTitle" time="28.917"/>
</testsuite> <!-- TestCases.IndexPageTest -->
