<?xml version="1.0" encoding="UTF-8"?>
<!-- Generated by org.testng.reporters.JUnitReportReporter -->
<testsuite hostname="DESKTOP-T1IP2Q6" failures="0" tests="1" name="TestCases.AccountCreationPageTest" time="32.762" errors="0" timestamp="2025-10-18T16:29:14 IST" skipped="0">
  <testcase classname="TestCases.AccountCreationPageTest" name="verifyIfAccoutsPageisDiaplayed" time="32.762"/>
</testsuite> <!-- TestCases.AccountCreationPageTest -->
